[debug] [2023-11-28T20:17:42.196Z] ----------------------------------------------------------------------
[debug] [2023-11-28T20:17:42.199Z] Command:       C:\Program Files\nodejs\node.exe C:\Users\samer\AppData\Roaming\npm\node_modules\firebase-tools\lib\bin\firebase.js init hosting
[debug] [2023-11-28T20:17:42.200Z] CLI Version:   12.9.1
[debug] [2023-11-28T20:17:42.200Z] Platform:      win32
[debug] [2023-11-28T20:17:42.200Z] Node Version:  v18.18.2
[debug] [2023-11-28T20:17:42.201Z] Time:          Tue Nov 28 2023 21:17:42 GMT+0100 (Mitteleuropäische Normalzeit)
[debug] [2023-11-28T20:17:42.202Z] ----------------------------------------------------------------------
[debug] 
[debug] [2023-11-28T20:17:42.292Z] > command requires scopes: ["email","openid","https://www.googleapis.com/auth/cloudplatformprojects.readonly","https://www.googleapis.com/auth/firebase","https://www.googleapis.com/auth/cloud-platform"]
[debug] [2023-11-28T20:17:42.293Z] > authorizing via signed-in user (janjoonsa1@gmail.com)
[info] 
     ######## #### ########  ######## ########     ###     ######  ########
     ##        ##  ##     ## ##       ##     ##  ##   ##  ##       ##
     ######    ##  ########  ######   ########  #########  ######  ######
     ##        ##  ##    ##  ##       ##     ## ##     ##       ## ##
     ##       #### ##     ## ######## ########  ##     ##  ######  ########

You're about to initialize a Firebase project in this directory:

  C:\Users\samer\react-samples

Before we get started, keep in mind:

  * You are initializing within an existing Firebase project directory

[info] 
=== Project Setup
[info] 
[info] First, let's associate this project directory with a Firebase project.
[info] You can create multiple project aliases by running firebase use --add, 
[info] but for now we'll just set up a default project.
[info] 
[debug] [2023-11-28T20:17:43.850Z] Using project from CLI flag: react-samples-8800
[debug] [2023-11-28T20:17:43.855Z] >>> [apiv2][query] GET https://firebase.googleapis.com/v1beta1/projects/react-samples-8800 [none]
[debug] [2023-11-28T20:17:44.597Z] <<< [apiv2][status] GET https://firebase.googleapis.com/v1beta1/projects/react-samples-8800 200
[debug] [2023-11-28T20:17:44.598Z] <<< [apiv2][body] GET https://firebase.googleapis.com/v1beta1/projects/react-samples-8800 {"projectId":"react-samples-8800","projectNumber":"76437323104","displayName":"react-samples","name":"projects/react-samples-8800","resources":{"hostingSite":"react-samples-8800"},"state":"ACTIVE","etag":"1_b2a94a78-153f-4614-ac90-14393ac2b750"}
[info] i  Using project react-samples-8800 (react-samples) 
[info] 
=== Hosting Setup
[debug] [2023-11-28T20:17:44.606Z] >>> [apiv2][query] GET https://firebase.googleapis.com/v1beta1/projects/react-samples-8800 [none]
[debug] [2023-11-28T20:17:44.994Z] <<< [apiv2][status] GET https://firebase.googleapis.com/v1beta1/projects/react-samples-8800 200
[debug] [2023-11-28T20:17:44.995Z] <<< [apiv2][body] GET https://firebase.googleapis.com/v1beta1/projects/react-samples-8800 {"projectId":"react-samples-8800","projectNumber":"76437323104","displayName":"react-samples","name":"projects/react-samples-8800","resources":{"hostingSite":"react-samples-8800"},"state":"ACTIVE","etag":"1_b2a94a78-153f-4614-ac90-14393ac2b750"}
[info] 
[info] Your public directory is the folder (relative to your project directory) that
[info] will contain Hosting assets to be uploaded with firebase deploy. If you
[info] have a build process for your assets, use your build's output directory.
[info] 
[info] +  Wrote build/404.html 
[debug] [2023-11-28T20:17:55.447Z] >>> [apiv2][query] GET https://www.gstatic.com/firebasejs/releases.json [none]
[debug] [2023-11-28T20:17:55.598Z] <<< [apiv2][status] GET https://www.gstatic.com/firebasejs/releases.json 200
[debug] [2023-11-28T20:17:55.598Z] <<< [apiv2][body] GET https://www.gstatic.com/firebasejs/releases.json {"current":{"version":"10.7.0","browserURL":"https://www.gstatic.com/firebasejs/10.7.0/firebase.js","packageURL":"https://www.gstatic.com/firebasejs/10.7.0/firebase.tgz"},"live":{"version":"10.7","browserURL":"https://www.gstatic.com/firebasejs/live/10.7/firebase.js","packageURL":"https://www.gstatic.com/firebasejs/live/10.7/firebase.tgz"},"components":{"analytics":"https://www.gstatic.com/firebasejs/10.7.0/firebase-analytics.js","app":"https://www.gstatic.com/firebasejs/10.7.0/firebase-app.js","app-check":"https://www.gstatic.com/firebasejs/10.7.0/firebase-app-check.js","auth":"https://www.gstatic.com/firebasejs/10.7.0/firebase-auth.js","auth/cordova":"https://www.gstatic.com/firebasejs/10.7.0/firebase-auth/cordova.js","functions":"https://www.gstatic.com/firebasejs/10.7.0/firebase-functions.js","firestore":"https://www.gstatic.com/firebasejs/10.7.0/firebase-firestore.js","firestore/lite":"https://www.gstatic.com/firebasejs/10.7.0/firebase-firestore/lite.js","installations":"https://www.gstatic.com/firebasejs/10.7.0/firebase-installations.js","storage":"https://www.gstatic.com/firebasejs/10.7.0/firebase-storage.js","performance":"https://www.gstatic.com/firebasejs/10.7.0/firebase-performance.js","remote-config":"https://www.gstatic.com/firebasejs/10.7.0/firebase-remote-config.js","messaging":"https://www.gstatic.com/firebasejs/10.7.0/firebase-messaging.js","messaging/sw":"https://www.gstatic.com/firebasejs/10.7.0/firebase-messaging/sw.js","database":"https://www.gstatic.com/firebasejs/10.7.0/firebase-database.js","firestore.memory":"https://www.gstatic.com/firebasejs/10.7.0/firebase-firestore.memory.js"}}
[info] i  Skipping write of build/index.html 
[info] 
[info] i  Detected a .git folder at C:\Users\samer\react-samples 
[info] i  Authorizing with GitHub to upload your service account to a GitHub repository's secrets store. 
[info] 
[info] Visit this URL on this device to log in:
[info] https://github.com/login/oauth/authorize?client_id=89cf50f02ac6aaed3484&state=418113803&redirect_uri=http%3A%2F%2Flocalhost%3A9005&scope=read%3Auser%20repo%20public_repo
[info] 
[info] Waiting for authentication...
[debug] [2023-11-28T20:17:59.560Z] >>> [apiv2][query] POST https://github.com/login/oauth/access_token [none]
[debug] [2023-11-28T20:17:59.560Z] >>> [apiv2][body] POST https://github.com/login/oauth/access_token [stream]
[debug] [2023-11-28T20:17:59.868Z] <<< [apiv2][status] POST https://github.com/login/oauth/access_token 200
[debug] [2023-11-28T20:17:59.868Z] <<< [apiv2][body] POST https://github.com/login/oauth/access_token {"access_token":"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","token_type":"bearer","scope":"read:user,repo"}
[debug] [2023-11-28T20:17:59.876Z] >>> [apiv2][query] GET https://api.github.com/user [none]
[debug] [2023-11-28T20:18:00.559Z] <<< [apiv2][status] GET https://api.github.com/user 200
[debug] [2023-11-28T20:18:00.559Z] <<< [apiv2][body] GET https://api.github.com/user {"login":"jsk000","id":91481610,"node_id":"MDQ6VXNlcjkxNDgxNjEw","avatar_url":"https://avatars.githubusercontent.com/u/91481610?v=4","gravatar_id":"","url":"https://api.github.com/users/jsk000","html_url":"https://github.com/jsk000","followers_url":"https://api.github.com/users/jsk000/followers","following_url":"https://api.github.com/users/jsk000/following{/other_user}","gists_url":"https://api.github.com/users/jsk000/gists{/gist_id}","starred_url":"https://api.github.com/users/jsk000/starred{/owner}{/repo}","subscriptions_url":"https://api.github.com/users/jsk000/subscriptions","organizations_url":"https://api.github.com/users/jsk000/orgs","repos_url":"https://api.github.com/users/jsk000/repos","events_url":"https://api.github.com/users/jsk000/events{/privacy}","received_events_url":"https://api.github.com/users/jsk000/received_events","type":"User","site_admin":false,"name":"JanaK","company":null,"blog":"","location":null,"email":null,"hireable":null,"bio":"Passionate web developer!","twitter_username":null,"public_repos":4,"public_gists":0,"followers":2,"following":0,"created_at":"2021-09-27T14:38:30Z","updated_at":"2023-10-19T13:17:01Z","private_gists":0,"total_private_repos":0,"owned_private_repos":0,"disk_usage":1394,"collaborators":0,"two_factor_authentication":false,"plan":{"name":"free","space":976562499,"collaborators":0,"private_repos":10000}}
[info] 
[info] +  Success! Logged into GitHub as jsk000 
[info] 
[debug] [2023-11-28T20:18:15.358Z] >>> [apiv2][query] GET https://api.github.com/repos//actions/secrets/public-key type=owner
[debug] [2023-11-28T20:18:15.714Z] <<< [apiv2][status] GET https://api.github.com/repos//actions/secrets/public-key 404
[debug] [2023-11-28T20:18:15.715Z] <<< [apiv2][body] GET https://api.github.com/repos//actions/secrets/public-key {"message":"Not Found","documentation_url":"https://docs.github.com/rest"}
[info] 
[info] 
[error] !  The provided authorization cannot be used with this repository. If this repository is in an organization, did you remember to grant access? 
[info] 
[info] i  Action required: Visit this URL to ensure access has been granted to the appropriate organization(s) for the Firebase CLI GitHub OAuth App: 
[info] https://github.com/settings/connections/applications/89cf50f02ac6aaed3484
[info] 
[debug] [2023-11-28T20:18:19.225Z] >>> [apiv2][query] GET https://api.github.com/repos//actions/secrets/public-key type=owner
[debug] [2023-11-28T20:18:19.500Z] <<< [apiv2][status] GET https://api.github.com/repos//actions/secrets/public-key 404
[debug] [2023-11-28T20:18:19.501Z] <<< [apiv2][body] GET https://api.github.com/repos//actions/secrets/public-key {"message":"Not Found","documentation_url":"https://docs.github.com/rest"}
[info] 
[info] 
[error] !  The provided authorization cannot be used with this repository. If this repository is in an organization, did you remember to grant access? 
[info] 
[info] i  Action required: Visit this URL to ensure access has been granted to the appropriate organization(s) for the Firebase CLI GitHub OAuth App: 
[info] https://github.com/settings/connections/applications/89cf50f02ac6aaed3484
[info] 
